This file contains any messages produced by compilers while
running configure, to aid debugging if configure makes a mistake.

It was created by LibRaw configure 0.21.1, which was
generated by GNU Autoconf 2.69.  Invocation command line was

  $ ./configure --disable-openmp --disable-examples

## --------- ##
## Platform. ##
## --------- ##

hostname = codespaces-7556e8
uname -m = x86_64
uname -r = 6.5.0-1025-azure
uname -s = Linux
uname -v = #26~22.04.1-Ubuntu SMP Thu Jul 11 22:33:04 UTC 2024

/usr/bin/uname -p = x86_64
/bin/uname -X     = unknown

/bin/arch              = x86_64
/usr/bin/arch -k       = unknown
/usr/convex/getsysinfo = unknown
/usr/bin/hostinfo      = unknown
/bin/machine           = unknown
/usr/bin/oslevel       = unknown
/bin/universe          = unknown

PATH: /workspaces/wasm-codespace/emsdk/upstream/emscripten/cache/sysroot/bin
PATH: /workspaces/wasm-codespace/emsdk
PATH: /workspaces/wasm-codespace/emsdk/upstream/emscripten
PATH: /usr/local/rvm/gems/ruby-3.3.4/bin
PATH: /usr/local/rvm/gems/ruby-3.3.4@global/bin
PATH: /usr/local/rvm/rubies/ruby-3.3.4/bin
PATH: /vscode/bin/linux-x64/91fbdddc47bc9c09064bf7acf133d22631cbf083/bin/remote-cli
PATH: /home/codespace/.local/bin
PATH: /home/codespace/.dotnet
PATH: /home/codespace/nvm/current/bin
PATH: /home/codespace/.php/current/bin
PATH: /home/codespace/.python/current/bin
PATH: /home/codespace/java/current/bin
PATH: /home/codespace/.ruby/current/bin
PATH: /usr/local/python/current/bin
PATH: /usr/local/py-utils/bin
PATH: /usr/local/oryx
PATH: /usr/local/go/bin
PATH: /go/bin
PATH: /usr/local/sdkman/bin
PATH: /usr/local/sdkman/candidates/java/current/bin
PATH: /usr/local/sdkman/candidates/gradle/current/bin
PATH: /usr/local/sdkman/candidates/maven/current/bin
PATH: /usr/local/sdkman/candidates/ant/current/bin
PATH: /usr/local/rvm/gems/default/bin
PATH: /usr/local/rvm/gems/default@global/bin
PATH: /usr/local/rvm/rubies/default/bin
PATH: /usr/local/share/rbenv/bin
PATH: /usr/local/php/current/bin
PATH: /opt/conda/bin
PATH: /usr/local/nvs
PATH: /usr/local/share/nvm/versions/node/v20.18.1/bin
PATH: /usr/local/hugo/bin
PATH: /usr/local/sbin
PATH: /usr/local/bin
PATH: /usr/sbin
PATH: /usr/bin
PATH: /sbin
PATH: /bin
PATH: /usr/share/dotnet
PATH: /home/codespace/.dotnet/tools
PATH: /usr/local/rvm/bin


## ----------- ##
## Core tests. ##
## ----------- ##

configure:2452: checking for a BSD-compatible install
configure:2520: result: /usr/bin/install -c
configure:2531: checking whether build environment is sane
configure:2586: result: yes
configure:2735: checking for a thread-safe mkdir -p
configure:2774: result: /usr/bin/mkdir -p
configure:2781: checking for gawk
configure:2797: found /usr/bin/gawk
configure:2808: result: gawk
configure:2819: checking whether make sets $(MAKE)
configure:2841: result: yes
configure:2870: checking whether make supports nested variables
configure:2887: result: yes
configure:3010: checking build system type
configure:3024: result: x86_64-pc-linux-gnu
configure:3044: checking host system type
configure:3057: result: x86_64-pc-linux-gnu
configure:3191: checking for C++ compiler version
configure:3200: /workspaces/wasm-codespace/emsdk/upstream/emscripten/em++ --version >&5
emcc (Emscripten gcc/clang-like replacement + linker emulating GNU ld) 4.0.1 (89ce854a99238d04116a3d9b5afe241eec90c6c3)
Copyright (C) 2014 the Emscripten authors (see AUTHORS.txt)
This is free and open source software under the MIT license.
There is NO warranty; not even for MERCHANTABILITY or FITNESS FOR A PARTICULAR PURPOSE.

configure:3211: $? = 0
configure:3200: /workspaces/wasm-codespace/emsdk/upstream/emscripten/em++ -v >&5
emcc (Emscripten gcc/clang-like replacement + linker emulating GNU ld) 4.0.1 (89ce854a99238d04116a3d9b5afe241eec90c6c3)
clang version 20.0.0git (https:/github.com/llvm/llvm-project a32e36faf84bd7da3df0c7d50bb9020568128417)
Target: wasm32-unknown-emscripten
Thread model: posix
InstalledDir: /workspaces/wasm-codespace/emsdk/upstream/bin
configure:3211: $? = 0
configure:3200: /workspaces/wasm-codespace/emsdk/upstream/emscripten/em++ -V >&5
em++: error: no input files
configure:3211: $? = 1
configure:3200: /workspaces/wasm-codespace/emsdk/upstream/emscripten/em++ -qversion >&5
em++: error: no input files
configure:3211: $? = 1
configure:3231: checking whether the C++ compiler works
configure:3253: /workspaces/wasm-codespace/emsdk/upstream/emscripten/em++    conftest.cpp  >&5
cache:INFO: generating system asset: symbol_lists/667f7529ca55b381986d1af8a8555ae44973d998.json... (this will be cached in "/workspaces/wasm-codespace/emsdk/upstream/emscripten/cache/symbol_lists/667f7529ca55b381986d1af8a8555ae44973d998.json" for subsequent builds)
cache:INFO:  - ok
configure:3257: $? = 0
configure:3305: result: yes
configure:3308: checking for C++ compiler default output file name
configure:3310: result: a.out
configure:3316: checking for suffix of executables
configure:3323: /workspaces/wasm-codespace/emsdk/upstream/emscripten/em++ -o conftest    conftest.cpp  >&5
configure:3327: $? = 0
configure:3349: result: 
configure:3371: checking whether we are cross compiling
configure:3379: /workspaces/wasm-codespace/emsdk/upstream/emscripten/em++ -o conftest    conftest.cpp  >&5
configure:3383: $? = 0
configure:3390: ./conftest
configure:3394: $? = 0
configure:3382: result: no
configure:3387: checking for suffix of object files
configure:3409: /workspaces/wasm-codespace/emsdk/upstream/emscripten/em++ -c   conftest.cpp >&5
configure:3413: $? = 0
configure:3434: result: o
configure:3438: checking whether we are using the GNU C++ compiler
configure:3457: /workspaces/wasm-codespace/emsdk/upstream/emscripten/em++ -c   conftest.cpp >&5
configure:3457: $? = 0
configure:3466: result: yes
configure:3475: checking whether /workspaces/wasm-codespace/emsdk/upstream/emscripten/em++ accepts -g
configure:3495: /workspaces/wasm-codespace/emsdk/upstream/emscripten/em++ -c -g  conftest.cpp >&5
configure:3495: $? = 0
configure:3536: result: yes
configure:3562: checking whether make supports the include directive
configure:3577: make -f confmf.GNU && cat confinc.out
this is the am__doit target
configure:3580: $? = 0
configure:3599: result: yes (GNU style)
configure:3624: checking dependency style of /workspaces/wasm-codespace/emsdk/upstream/emscripten/em++
configure:3735: result: gcc3
configure:3798: checking for gcc
configure:3825: result: /workspaces/wasm-codespace/emsdk/upstream/emscripten/emcc
configure:4054: checking for C compiler version
configure:4063: /workspaces/wasm-codespace/emsdk/upstream/emscripten/emcc --version >&5
emcc (Emscripten gcc/clang-like replacement + linker emulating GNU ld) 4.0.1 (89ce854a99238d04116a3d9b5afe241eec90c6c3)
Copyright (C) 2014 the Emscripten authors (see AUTHORS.txt)
This is free and open source software under the MIT license.
There is NO warranty; not even for MERCHANTABILITY or FITNESS FOR A PARTICULAR PURPOSE.

configure:4074: $? = 0
configure:4063: /workspaces/wasm-codespace/emsdk/upstream/emscripten/emcc -v >&5
emcc (Emscripten gcc/clang-like replacement + linker emulating GNU ld) 4.0.1 (89ce854a99238d04116a3d9b5afe241eec90c6c3)
clang version 20.0.0git (https:/github.com/llvm/llvm-project a32e36faf84bd7da3df0c7d50bb9020568128417)
Target: wasm32-unknown-emscripten
Thread model: posix
InstalledDir: /workspaces/wasm-codespace/emsdk/upstream/bin
configure:4074: $? = 0
configure:4063: /workspaces/wasm-codespace/emsdk/upstream/emscripten/emcc -V >&5
emcc: error: no input files
configure:4074: $? = 1
configure:4063: /workspaces/wasm-codespace/emsdk/upstream/emscripten/emcc -qversion >&5
emcc: error: no input files
configure:4074: $? = 1
configure:4078: checking whether we are using the GNU C compiler
configure:4097: /workspaces/wasm-codespace/emsdk/upstream/emscripten/emcc -c   conftest.c >&5
configure:4097: $? = 0
configure:4106: result: yes
configure:4115: checking whether /workspaces/wasm-codespace/emsdk/upstream/emscripten/emcc accepts -g
configure:4135: /workspaces/wasm-codespace/emsdk/upstream/emscripten/emcc -c -g  conftest.c >&5
configure:4135: $? = 0
configure:4176: result: yes
configure:4193: checking for /workspaces/wasm-codespace/emsdk/upstream/emscripten/emcc option to accept ISO C89
configure:4256: /workspaces/wasm-codespace/emsdk/upstream/emscripten/emcc  -c -g -O2  conftest.c >&5
conftest.c:15:14: warning: a function definition without a prototype is deprecated in all versions of C and is not supported in C23 [-Wdeprecated-non-prototype]
   15 | static char *e (p, i)
      |              ^
1 warning generated.
configure:4256: $? = 0
configure:4269: result: none needed
configure:4294: checking whether /workspaces/wasm-codespace/emsdk/upstream/emscripten/emcc understands -c and -o together
configure:4316: /workspaces/wasm-codespace/emsdk/upstream/emscripten/emcc -c conftest.c -o conftest2.o
configure:4319: $? = 0
configure:4316: /workspaces/wasm-codespace/emsdk/upstream/emscripten/emcc -c conftest.c -o conftest2.o
configure:4319: $? = 0
configure:4331: result: yes
configure:4350: checking dependency style of /workspaces/wasm-codespace/emsdk/upstream/emscripten/emcc
configure:4461: result: gcc3
configure:4522: checking how to print strings
configure:4549: result: printf
configure:4570: checking for a sed that does not truncate output
configure:4634: result: /usr/bin/sed
configure:4652: checking for grep that handles long lines and -e
configure:4710: result: /usr/bin/grep
configure:4715: checking for egrep
configure:4777: result: /usr/bin/grep -E
configure:4782: checking for fgrep
configure:4844: result: /usr/bin/grep -F
configure:4879: checking for ld used by /workspaces/wasm-codespace/emsdk/upstream/emscripten/emcc
emcc: error: no input files
configure:4946: result: /workspaces/wasm-codespace/emsdk/upstream/emscripten/emcc
configure:4953: checking if the linker (/workspaces/wasm-codespace/emsdk/upstream/emscripten/emcc) is GNU ld
configure:4968: result: yes
configure:4980: checking for BSD- or MS-compatible name lister (nm)
configure:5034: result: /workspaces/wasm-codespace/emsdk/upstream/bin/llvm-nm
configure:5164: checking the name lister (/workspaces/wasm-codespace/emsdk/upstream/bin/llvm-nm) interface
configure:5171: /workspaces/wasm-codespace/emsdk/upstream/emscripten/emcc -c -g -O2  conftest.c >&5
configure:5174: /workspaces/wasm-codespace/emsdk/upstream/bin/llvm-nm "conftest.o"
configure:5177: output
00000000 d .debug_abbrev
00000000 d .debug_line
00000000 d .debug_str
00000000 D some_variable
configure:5178: result: BSD nm
configure:5181: checking whether ln -s works
configure:5185: result: yes
configure:5193: checking the maximum length of command line arguments
configure:5324: result: 1572864
configure:5372: checking how to convert x86_64-pc-linux-gnu file names to x86_64-pc-linux-gnu format
configure:5412: result: func_convert_file_noop
configure:5419: checking how to convert x86_64-pc-linux-gnu file names to toolchain format
configure:5439: result: func_convert_file_noop
configure:5446: checking for /workspaces/wasm-codespace/emsdk/upstream/emscripten/emcc option to reload object files
configure:5453: result: -r
configure:5527: checking for objdump
configure:5543: found /usr/bin/objdump
configure:5554: result: objdump
configure:5586: checking how to recognize dependent libraries
configure:5786: result: pass_all
configure:5871: checking for dlltool
configure:5901: result: no
configure:5931: checking how to associate runtime and link libraries
configure:5958: result: printf %s\n
configure:6083: checking for archiver @FILE support
configure:6100: /workspaces/wasm-codespace/emsdk/upstream/emscripten/emcc -c -g -O2  conftest.c >&5
configure:6100: $? = 0
configure:6103: /workspaces/wasm-codespace/emsdk/upstream/emscripten/emar cr libconftest.a @conftest.lst >&5
configure:6106: $? = 0
configure:6111: /workspaces/wasm-codespace/emsdk/upstream/emscripten/emar cr libconftest.a @conftest.lst >&5
/workspaces/wasm-codespace/emsdk/upstream/bin/llvm-ar: error: conftest.o: No such file or directory
configure:6114: $? = 1
configure:6113: result: @
configure:6171: checking for strip
configure:6187: found /usr/bin/strip
configure:6198: result: strip
configure:6270: checking for ranlib
configure:6297: result: /workspaces/wasm-codespace/emsdk/upstream/emscripten/emranlib
configure:6399: checking command to parse /workspaces/wasm-codespace/emsdk/upstream/bin/llvm-nm output from /workspaces/wasm-codespace/emsdk/upstream/emscripten/emcc object
configure:6552: /workspaces/wasm-codespace/emsdk/upstream/emscripten/emcc -c -g -O2  conftest.c >&5
configure:6555: $? = 0
configure:6559: /workspaces/wasm-codespace/emsdk/upstream/bin/llvm-nm conftest.o | sed -n -e 's/^.*[	 ]\([ABCDGIRSTW][ABCDGIRSTW]*\)[	 ][	 ]*\([_A-Za-z][_A-Za-z0-9]*\)$/\1 \2 \2/p' | sed '/ __gnu_lto/d' > conftest.nm
configure:6625: /workspaces/wasm-codespace/emsdk/upstream/emscripten/emcc -o conftest -g -O2   conftest.c conftstm.o >&5
cache:INFO: generating system asset: symbol_lists/4a6c8ddb0850d5cd0a4e00f4018ae466c7c421d1.json... (this will be cached in "/workspaces/wasm-codespace/emsdk/upstream/emscripten/cache/symbol_lists/4a6c8ddb0850d5cd0a4e00f4018ae466c7c421d1.json" for subsequent builds)
cache:INFO:  - ok
emcc: warning: running limited binaryen optimizations because DWARF info requested (or indirectly required) [-Wlimited-postlink-optimizations]
configure:6628: $? = 0
configure:6666: result: ok
configure:6713: checking for sysroot
configure:6743: result: no
configure:6750: checking for a working dd
configure:6788: result: /usr/bin/dd
configure:6792: checking how to truncate binary pipes
configure:6807: result: /usr/bin/dd bs=4096 count=1
configure:6943: /workspaces/wasm-codespace/emsdk/upstream/emscripten/emcc -c -g -O2  conftest.c >&5
configure:6946: $? = 0
configure:7136: checking for mt
configure:7166: result: no
configure:7186: checking if : is a manifest tool
configure:7192: : '-?'
configure:7200: result: no
configure:7877: checking how to run the C preprocessor
configure:7908: /workspaces/wasm-codespace/emsdk/upstream/emscripten/emcc -E  conftest.c
configure:7908: $? = 0
configure:7922: /workspaces/wasm-codespace/emsdk/upstream/emscripten/emcc -E  conftest.c
conftest.c:9:10: fatal error: 'ac_nonexistent.h' file not found
    9 | #include <ac_nonexistent.h>
      |          ^~~~~~~~~~~~~~~~~~
1 error generated.
configure:7922: $? = 1
configure: failed program was:
| /* confdefs.h */
| #define PACKAGE_NAME "LibRaw"
| #define PACKAGE_TARNAME "libraw"
| #define PACKAGE_VERSION "0.21.1"
| #define PACKAGE_STRING "LibRaw 0.21.1"
| #define PACKAGE_BUGREPORT "info@libraw.org"
| #define PACKAGE_URL "http://www.libraw.org"
| /* end confdefs.h.  */
| #include <ac_nonexistent.h>
configure:7947: result: /workspaces/wasm-codespace/emsdk/upstream/emscripten/emcc -E
configure:7967: /workspaces/wasm-codespace/emsdk/upstream/emscripten/emcc -E  conftest.c
configure:7967: $? = 0
configure:7981: /workspaces/wasm-codespace/emsdk/upstream/emscripten/emcc -E  conftest.c
conftest.c:9:10: fatal error: 'ac_nonexistent.h' file not found
    9 | #include <ac_nonexistent.h>
      |          ^~~~~~~~~~~~~~~~~~
1 error generated.
configure:7981: $? = 1
configure: failed program was:
| /* confdefs.h */
| #define PACKAGE_NAME "LibRaw"
| #define PACKAGE_TARNAME "libraw"
| #define PACKAGE_VERSION "0.21.1"
| #define PACKAGE_STRING "LibRaw 0.21.1"
| #define PACKAGE_BUGREPORT "info@libraw.org"
| #define PACKAGE_URL "http://www.libraw.org"
| /* end confdefs.h.  */
| #include <ac_nonexistent.h>
configure:8010: checking for ANSI C header files
configure:8030: /workspaces/wasm-codespace/emsdk/upstream/emscripten/emcc -c -g -O2  conftest.c >&5
configure:8030: $? = 0
configure:8103: /workspaces/wasm-codespace/emsdk/upstream/emscripten/emcc -o conftest -g -O2   conftest.c  >&5
emcc: warning: running limited binaryen optimizations because DWARF info requested (or indirectly required) [-Wlimited-postlink-optimizations]
configure:8103: $? = 0
configure:8103: ./conftest
configure:8103: $? = 0
configure:8114: result: yes
configure:8127: checking for sys/types.h
configure:8127: /workspaces/wasm-codespace/emsdk/upstream/emscripten/emcc -c -g -O2  conftest.c >&5
configure:8127: $? = 0
configure:8127: result: yes
configure:8127: checking for sys/stat.h
configure:8127: /workspaces/wasm-codespace/emsdk/upstream/emscripten/emcc -c -g -O2  conftest.c >&5
configure:8127: $? = 0
configure:8127: result: yes
configure:8127: checking for stdlib.h
configure:8127: /workspaces/wasm-codespace/emsdk/upstream/emscripten/emcc -c -g -O2  conftest.c >&5
configure:8127: $? = 0
configure:8127: result: yes
configure:8127: checking for string.h
configure:8127: /workspaces/wasm-codespace/emsdk/upstream/emscripten/emcc -c -g -O2  conftest.c >&5
configure:8127: $? = 0
configure:8127: result: yes
configure:8127: checking for memory.h
configure:8127: /workspaces/wasm-codespace/emsdk/upstream/emscripten/emcc -c -g -O2  conftest.c >&5
configure:8127: $? = 0
configure:8127: result: yes
configure:8127: checking for strings.h
configure:8127: /workspaces/wasm-codespace/emsdk/upstream/emscripten/emcc -c -g -O2  conftest.c >&5
configure:8127: $? = 0
configure:8127: result: yes
configure:8127: checking for inttypes.h
configure:8127: /workspaces/wasm-codespace/emsdk/upstream/emscripten/emcc -c -g -O2  conftest.c >&5
configure:8127: $? = 0
configure:8127: result: yes
configure:8127: checking for stdint.h
configure:8127: /workspaces/wasm-codespace/emsdk/upstream/emscripten/emcc -c -g -O2  conftest.c >&5
configure:8127: $? = 0
configure:8127: result: yes
configure:8127: checking for unistd.h
configure:8127: /workspaces/wasm-codespace/emsdk/upstream/emscripten/emcc -c -g -O2  conftest.c >&5
configure:8127: $? = 0
configure:8127: result: yes
configure:8141: checking for dlfcn.h
configure:8141: /workspaces/wasm-codespace/emsdk/upstream/emscripten/emcc -c -g -O2  conftest.c >&5
configure:8141: $? = 0
configure:8141: result: yes
configure:8408: checking for objdir
configure:8423: result: .libs
configure:8687: checking if /workspaces/wasm-codespace/emsdk/upstream/emscripten/emcc supports -fno-rtti -fno-exceptions
configure:8705: /workspaces/wasm-codespace/emsdk/upstream/emscripten/emcc -c -g -O2  -fno-rtti -fno-exceptions conftest.c >&5
configure:8709: $? = 0
configure:8722: result: yes
configure:9086: checking for /workspaces/wasm-codespace/emsdk/upstream/emscripten/emcc option to produce PIC
configure:9093: result: -fPIC -DPIC
configure:9101: checking if /workspaces/wasm-codespace/emsdk/upstream/emscripten/emcc PIC flag -fPIC -DPIC works
configure:9119: /workspaces/wasm-codespace/emsdk/upstream/emscripten/emcc -c -g -O2  -fPIC -DPIC -DPIC conftest.c >&5
configure:9123: $? = 0
configure:9136: result: yes
configure:9165: checking if /workspaces/wasm-codespace/emsdk/upstream/emscripten/emcc static flag -static works
emcc: warning: running limited binaryen optimizations because DWARF info requested (or indirectly required) [-Wlimited-postlink-optimizations]
configure:9193: result: yes
configure:9208: checking if /workspaces/wasm-codespace/emsdk/upstream/emscripten/emcc supports -c -o file.o
configure:9229: /workspaces/wasm-codespace/emsdk/upstream/emscripten/emcc -c -g -O2  -o out/conftest2.o conftest.c >&5
configure:9233: $? = 0
configure:9255: result: yes
configure:9263: checking if /workspaces/wasm-codespace/emsdk/upstream/emscripten/emcc supports -c -o file.o
configure:9310: result: yes
configure:9343: checking whether the /workspaces/wasm-codespace/emsdk/upstream/emscripten/emcc linker (/workspaces/wasm-codespace/emsdk/upstream/emscripten/emcc) supports shared libraries
configure:10606: result: yes
configure:10643: checking whether -lc should be explicitly linked in
configure:10651: /workspaces/wasm-codespace/emsdk/upstream/emscripten/emcc -c -g -O2  conftest.c >&5
configure:10654: $? = 0
configure:10669: /workspaces/wasm-codespace/emsdk/upstream/emscripten/emcc -shared  -fPIC -DPIC conftest.o  -v -Wl,-soname -Wl,conftest -o conftest 2\>\&1 \| /usr/bin/grep  -lc  \>/dev/null 2\>\&1
configure:10672: $? = 1
configure:10686: result: yes
configure:10846: checking dynamic linker characteristics
configure:11427: /workspaces/wasm-codespace/emsdk/upstream/emscripten/emcc -o conftest -g -O2   -Wl,-rpath -Wl,/foo conftest.c  >&5
emcc: warning: ignoring unsupported linker flag: `-rpath` [-Wlinkflags]
emcc: warning: running limited binaryen optimizations because DWARF info requested (or indirectly required) [-Wlimited-postlink-optimizations]
configure:11427: $? = 0
configure:11676: result: GNU/Linux ld.so
configure:11798: checking how to hardcode library paths into programs
configure:11823: result: immediate
configure:12371: checking whether stripping libraries is possible
configure:12376: result: yes
configure:12411: checking if libtool supports shared libraries
configure:12413: result: yes
configure:12416: checking whether to build shared libraries
configure:12441: result: yes
configure:12444: checking whether to build static libraries
configure:12448: result: yes
configure:9247: checking how to run the C++ preprocessor
configure:9274: /workspaces/wasm-codespace/emsdk/upstream/emscripten/em++ -E  conftest.cpp
configure:9274: $? = 0
configure:9288: /workspaces/wasm-codespace/emsdk/upstream/emscripten/em++ -E  conftest.cpp
conftest.cpp:21:10: fatal error: 'ac_nonexistent.h' file not found
   21 | #include <ac_nonexistent.h>
      |          ^~~~~~~~~~~~~~~~~~
1 error generated.
configure:9288: $? = 1
configure: failed program was:
| /* confdefs.h */
| #define PACKAGE_NAME "LibRaw"
| #define PACKAGE_TARNAME "libraw"
| #define PACKAGE_VERSION "0.21.1"
| #define PACKAGE_STRING "LibRaw 0.21.1"
| #define PACKAGE_BUGREPORT "info@libraw.org"
| #define PACKAGE_URL "http://www.libraw.org"
| #define STDC_HEADERS 1
| #define HAVE_SYS_TYPES_H 1
| #define HAVE_SYS_STAT_H 1
| #define HAVE_STDLIB_H 1
| #define HAVE_STRING_H 1
| #define HAVE_MEMORY_H 1
| #define HAVE_STRINGS_H 1
| #define HAVE_INTTYPES_H 1
| #define HAVE_STDINT_H 1
| #define HAVE_UNISTD_H 1
| #define HAVE_DLFCN_H 1
| #define LT_OBJDIR ".libs/"
| /* end confdefs.h.  */
| #include <ac_nonexistent.h>
configure:9313: result: /workspaces/wasm-codespace/emsdk/upstream/emscripten/em++ -E
configure:9333: /workspaces/wasm-codespace/emsdk/upstream/emscripten/em++ -E  conftest.cpp
configure:9333: $? = 0
configure:9347: /workspaces/wasm-codespace/emsdk/upstream/emscripten/em++ -E  conftest.cpp
conftest.cpp:21:10: fatal error: 'ac_nonexistent.h' file not found
   21 | #include <ac_nonexistent.h>
      |          ^~~~~~~~~~~~~~~~~~
1 error generated.
configure:9347: $? = 1
configure: failed program was:
| /* confdefs.h */
| #define PACKAGE_NAME "LibRaw"
| #define PACKAGE_TARNAME "libraw"
| #define PACKAGE_VERSION "0.21.1"
| #define PACKAGE_STRING "LibRaw 0.21.1"
| #define PACKAGE_BUGREPORT "info@libraw.org"
| #define PACKAGE_URL "http://www.libraw.org"
| #define STDC_HEADERS 1
| #define HAVE_SYS_TYPES_H 1
| #define HAVE_SYS_STAT_H 1
| #define HAVE_STDLIB_H 1
| #define HAVE_STRING_H 1
| #define HAVE_MEMORY_H 1
| #define HAVE_STRINGS_H 1
| #define HAVE_INTTYPES_H 1
| #define HAVE_STDINT_H 1
| #define HAVE_UNISTD_H 1
| #define HAVE_DLFCN_H 1
| #define LT_OBJDIR ".libs/"
| /* end confdefs.h.  */
| #include <ac_nonexistent.h>
configure:9509: checking for ld used by /workspaces/wasm-codespace/emsdk/upstream/emscripten/em++
em++: error: no input files
configure:9576: result: /workspaces/wasm-codespace/emsdk/upstream/emscripten/emcc
configure:9583: checking if the linker (/workspaces/wasm-codespace/emsdk/upstream/emscripten/emcc) is GNU ld
configure:9598: result: yes
configure:9653: checking whether the /workspaces/wasm-codespace/emsdk/upstream/emscripten/em++ linker (/workspaces/wasm-codespace/emsdk/upstream/emscripten/emcc) supports shared libraries
configure:10726: result: yes
configure:10762: /workspaces/wasm-codespace/emsdk/upstream/emscripten/em++ -c -g -O2  conftest.cpp >&5
configure:10765: $? = 0
configure:11246: checking for /workspaces/wasm-codespace/emsdk/upstream/emscripten/em++ option to produce PIC
configure:11253: result: -fPIC -DPIC
configure:11261: checking if /workspaces/wasm-codespace/emsdk/upstream/emscripten/em++ PIC flag -fPIC -DPIC works
configure:11279: /workspaces/wasm-codespace/emsdk/upstream/emscripten/em++ -c -g -O2  -fPIC -DPIC -DPIC conftest.cpp >&5
configure:11283: $? = 0
configure:11296: result: yes
configure:11319: checking if /workspaces/wasm-codespace/emsdk/upstream/emscripten/em++ static flag -static works
em++: warning: running limited binaryen optimizations because DWARF info requested (or indirectly required) [-Wlimited-postlink-optimizations]
configure:11347: result: yes
configure:11359: checking if /workspaces/wasm-codespace/emsdk/upstream/emscripten/em++ supports -c -o file.o
configure:11380: /workspaces/wasm-codespace/emsdk/upstream/emscripten/em++ -c -g -O2  -o out/conftest2.o conftest.cpp >&5
configure:11384: $? = 0
configure:11406: result: yes
configure:11411: checking if /workspaces/wasm-codespace/emsdk/upstream/emscripten/em++ supports -c -o file.o
configure:11458: result: yes
configure:11488: checking whether the /workspaces/wasm-codespace/emsdk/upstream/emscripten/em++ linker (/workspaces/wasm-codespace/emsdk/upstream/emscripten/emcc) supports shared libraries
configure:11531: result: yes
configure:11672: checking dynamic linker characteristics
configure:12429: result: GNU/Linux ld.so
configure:12494: checking how to hardcode library paths into programs
configure:12519: result: immediate
configure:11868: checking for jpeg_mem_src in -ljpeg
configure:11893: /workspaces/wasm-codespace/emsdk/upstream/emscripten/emcc -o conftest -g -O2   conftest.c -ljpeg   >&5
wasm-ld: error: unable to find library -ljpeg
emcc: error: '/workspaces/wasm-codespace/emsdk/upstream/bin/wasm-ld -o conftest.wasm /tmp/emscripten_temp_cha9drwi/conftest_0.o -ljpeg -L/workspaces/wasm-codespace/emsdk/upstream/emscripten/cache/sysroot/lib/wasm32-emscripten -lGL-getprocaddr -lal -lhtml5 -lstubs -lc -ldlmalloc -lcompiler_rt -lc++-noexcept -lc++abi-noexcept -lsockets -mllvm -combiner-global-alias-analysis=false -mllvm -enable-emscripten-sjlj -mllvm -disable-lsr /tmp/tmp_rwd7vc8libemscripten_js_symbols.so --export=_emscripten_stack_alloc --export=__funcs_on_exit --export=__wasm_call_ctors --export=emscripten_stack_get_current --export=_emscripten_stack_restore --export-if-defined=__start_em_asm --export-if-defined=__stop_em_asm --export-if-defined=__start_em_lib_deps --export-if-defined=__stop_em_lib_deps --export-if-defined=__start_em_js --export-if-defined=__stop_em_js --export-if-defined=main --export-if-defined=__main_argc_argv --export-if-defined=fflush --export-table -z stack-size=65536 --no-growable-memory --initial-heap=16777216 --no-entry --table-base=1 --global-base=1024' failed (returned 1)
configure:11893: $? = 1
configure: failed program was:
| /* confdefs.h */
| #define PACKAGE_NAME "LibRaw"
| #define PACKAGE_TARNAME "libraw"
| #define PACKAGE_VERSION "0.21.1"
| #define PACKAGE_STRING "LibRaw 0.21.1"
| #define PACKAGE_BUGREPORT "info@libraw.org"
| #define PACKAGE_URL "http://www.libraw.org"
| #define STDC_HEADERS 1
| #define HAVE_SYS_TYPES_H 1
| #define HAVE_SYS_STAT_H 1
| #define HAVE_STDLIB_H 1
| #define HAVE_STRING_H 1
| #define HAVE_MEMORY_H 1
| #define HAVE_STRINGS_H 1
| #define HAVE_INTTYPES_H 1
| #define HAVE_STDINT_H 1
| #define HAVE_UNISTD_H 1
| #define HAVE_DLFCN_H 1
| #define LT_OBJDIR ".libs/"
| /* end confdefs.h.  */
| 
| /* Override any GCC internal prototype to avoid an error.
|    Use char because int might match the return type of a GCC
|    builtin and then its argument prototype would still apply.  */
| #ifdef __cplusplus
| extern "C"
| #endif
| char jpeg_mem_src ();
| int
| main ()
| {
| return jpeg_mem_src ();
|   ;
|   return 0;
| }
configure:11902: result: no
configure:11928: WARNING: libjpeg not found
configure:11949: checking for jas_init in -ljasper
configure:11974: /workspaces/wasm-codespace/emsdk/upstream/emscripten/emcc -o conftest -g -O2   conftest.c -ljasper   >&5
wasm-ld: error: unable to find library -ljasper
emcc: error: '/workspaces/wasm-codespace/emsdk/upstream/bin/wasm-ld -o conftest.wasm /tmp/emscripten_temp_64rx9ys5/conftest_0.o -ljasper -L/workspaces/wasm-codespace/emsdk/upstream/emscripten/cache/sysroot/lib/wasm32-emscripten -lGL-getprocaddr -lal -lhtml5 -lstubs -lc -ldlmalloc -lcompiler_rt -lc++-noexcept -lc++abi-noexcept -lsockets -mllvm -combiner-global-alias-analysis=false -mllvm -enable-emscripten-sjlj -mllvm -disable-lsr /tmp/tmpwupjfr92libemscripten_js_symbols.so --export=_emscripten_stack_alloc --export=__funcs_on_exit --export=__wasm_call_ctors --export=emscripten_stack_get_current --export=_emscripten_stack_restore --export-if-defined=__start_em_asm --export-if-defined=__stop_em_asm --export-if-defined=__start_em_lib_deps --export-if-defined=__stop_em_lib_deps --export-if-defined=__start_em_js --export-if-defined=__stop_em_js --export-if-defined=main --export-if-defined=__main_argc_argv --export-if-defined=fflush --export-table -z stack-size=65536 --no-growable-memory --initial-heap=16777216 --no-entry --table-base=1 --global-base=1024' failed (returned 1)
configure:11974: $? = 1
configure: failed program was:
| /* confdefs.h */
| #define PACKAGE_NAME "LibRaw"
| #define PACKAGE_TARNAME "libraw"
| #define PACKAGE_VERSION "0.21.1"
| #define PACKAGE_STRING "LibRaw 0.21.1"
| #define PACKAGE_BUGREPORT "info@libraw.org"
| #define PACKAGE_URL "http://www.libraw.org"
| #define STDC_HEADERS 1
| #define HAVE_SYS_TYPES_H 1
| #define HAVE_SYS_STAT_H 1
| #define HAVE_STDLIB_H 1
| #define HAVE_STRING_H 1
| #define HAVE_MEMORY_H 1
| #define HAVE_STRINGS_H 1
| #define HAVE_INTTYPES_H 1
| #define HAVE_STDINT_H 1
| #define HAVE_UNISTD_H 1
| #define HAVE_DLFCN_H 1
| #define LT_OBJDIR ".libs/"
| /* end confdefs.h.  */
| 
| /* Override any GCC internal prototype to avoid an error.
|    Use char because int might match the return type of a GCC
|    builtin and then its argument prototype would still apply.  */
| #ifdef __cplusplus
| extern "C"
| #endif
| char jas_init ();
| int
| main ()
| {
| return jas_init ();
|   ;
|   return 0;
| }
configure:11983: result: no
configure:12009: WARNING: libjasper not found
configure:12084: checking for pkg-config
configure:12102: found /usr/bin/pkg-config
configure:12114: result: /usr/bin/pkg-config
configure:12139: checking pkg-config is at least version 0.9.0
configure:12142: result: yes
configure:12152: checking for ZLIB
configure:12159: $PKG_CONFIG --exists --print-errors "zlib"
Package zlib was not found in the pkg-config search path.
Perhaps you should add the directory containing `zlib.pc'
to the PKG_CONFIG_PATH environment variable
No package 'zlib' found
configure:12162: $? = 1
configure:12176: $PKG_CONFIG --exists --print-errors "zlib"
Package zlib was not found in the pkg-config search path.
Perhaps you should add the directory containing `zlib.pc'
to the PKG_CONFIG_PATH environment variable
No package 'zlib' found
configure:12179: $? = 1
configure:12193: result: no
No package 'zlib' found
configure:12209: WARNING: zlib support cannot be enabled
configure:12248: checking for LCMS2
configure:12255: $PKG_CONFIG --exists --print-errors "lcms2"
Package lcms2 was not found in the pkg-config search path.
Perhaps you should add the directory containing `lcms2.pc'
to the PKG_CONFIG_PATH environment variable
No package 'lcms2' found
configure:12258: $? = 1
configure:12272: $PKG_CONFIG --exists --print-errors "lcms2"
Package lcms2 was not found in the pkg-config search path.
Perhaps you should add the directory containing `lcms2.pc'
to the PKG_CONFIG_PATH environment variable
No package 'lcms2' found
configure:12275: $? = 1
configure:12289: result: no
No package 'lcms2' found
configure:12308: checking for LCMS
configure:12315: $PKG_CONFIG --exists --print-errors "lcms"
Package lcms was not found in the pkg-config search path.
Perhaps you should add the directory containing `lcms.pc'
to the PKG_CONFIG_PATH environment variable
No package 'lcms' found
configure:12318: $? = 1
configure:12332: $PKG_CONFIG --exists --print-errors "lcms"
Package lcms was not found in the pkg-config search path.
Perhaps you should add the directory containing `lcms.pc'
to the PKG_CONFIG_PATH environment variable
No package 'lcms' found
configure:12335: $? = 1
configure:12349: result: no
No package 'lcms' found
configure:12366: WARNING: LCMS support cannot be enabled
configure:12659: checking that generated files are newer than configure
configure:12665: result: done
configure:12696: creating ./config.status

## ---------------------- ##
## Running config.status. ##
## ---------------------- ##

This file was extended by LibRaw config.status 0.21.1, which was
generated by GNU Autoconf 2.69.  Invocation command line was

  CONFIG_FILES    = 
  CONFIG_HEADERS  = 
  CONFIG_LINKS    = 
  CONFIG_COMMANDS = 
  $ ./config.status 

on codespaces-7556e8

config.status:1088: creating Makefile
config.status:1088: creating libraw.pc
config.status:1088: creating libraw_r.pc
config.status:1260: executing depfiles commands
config.status:1337: cd .       && sed -e '/# am--include-marker/d' Makefile         | make -f - am--depfiles
config.status:1342: $? = 0
config.status:1260: executing libtool commands

## ---------------- ##
## Cache variables. ##
## ---------------- ##

ac_cv_build=x86_64-pc-linux-gnu
ac_cv_c_compiler_gnu=yes
ac_cv_cxx_compiler_gnu=yes
ac_cv_env_CCC_set=
ac_cv_env_CCC_value=
ac_cv_env_CC_set=set
ac_cv_env_CC_value=/workspaces/wasm-codespace/emsdk/upstream/emscripten/emcc
ac_cv_env_CFLAGS_set=
ac_cv_env_CFLAGS_value=
ac_cv_env_CPPFLAGS_set=
ac_cv_env_CPPFLAGS_value=
ac_cv_env_CPP_set=
ac_cv_env_CPP_value=
ac_cv_env_CXXCPP_set=
ac_cv_env_CXXCPP_value=
ac_cv_env_CXXFLAGS_set=
ac_cv_env_CXXFLAGS_value=
ac_cv_env_CXX_set=set
ac_cv_env_CXX_value=/workspaces/wasm-codespace/emsdk/upstream/emscripten/em++
ac_cv_env_LCMS2_CFLAGS_set=
ac_cv_env_LCMS2_CFLAGS_value=
ac_cv_env_LCMS2_LIBS_set=
ac_cv_env_LCMS2_LIBS_value=
ac_cv_env_LCMS_CFLAGS_set=
ac_cv_env_LCMS_CFLAGS_value=
ac_cv_env_LCMS_LIBS_set=
ac_cv_env_LCMS_LIBS_value=
ac_cv_env_LDFLAGS_set=
ac_cv_env_LDFLAGS_value=
ac_cv_env_LIBS_set=
ac_cv_env_LIBS_value=
ac_cv_env_LT_SYS_LIBRARY_PATH_set=
ac_cv_env_LT_SYS_LIBRARY_PATH_value=
ac_cv_env_PKG_CONFIG_LIBDIR_set=set
ac_cv_env_PKG_CONFIG_LIBDIR_value=/workspaces/wasm-codespace/emsdk/upstream/emscripten/cache/sysroot/local/lib/pkgconfig:/workspaces/wasm-codespace/emsdk/upstream/emscripten/cache/sysroot/lib/pkgconfig
ac_cv_env_PKG_CONFIG_PATH_set=set
ac_cv_env_PKG_CONFIG_PATH_value=
ac_cv_env_PKG_CONFIG_set=
ac_cv_env_PKG_CONFIG_value=
ac_cv_env_ZLIB_CFLAGS_set=
ac_cv_env_ZLIB_CFLAGS_value=
ac_cv_env_ZLIB_LIBS_set=
ac_cv_env_ZLIB_LIBS_value=
ac_cv_env_build_alias_set=
ac_cv_env_build_alias_value=
ac_cv_env_host_alias_set=
ac_cv_env_host_alias_value=
ac_cv_env_target_alias_set=
ac_cv_env_target_alias_value=
ac_cv_header_dlfcn_h=yes
ac_cv_header_inttypes_h=yes
ac_cv_header_memory_h=yes
ac_cv_header_stdc=yes
ac_cv_header_stdint_h=yes
ac_cv_header_stdlib_h=yes
ac_cv_header_string_h=yes
ac_cv_header_strings_h=yes
ac_cv_header_sys_stat_h=yes
ac_cv_header_sys_types_h=yes
ac_cv_header_unistd_h=yes
ac_cv_host=x86_64-pc-linux-gnu
ac_cv_lib_jasper_jas_init=no
ac_cv_lib_jpeg_jpeg_mem_src=no
ac_cv_objext=o
ac_cv_path_EGREP='/usr/bin/grep -E'
ac_cv_path_FGREP='/usr/bin/grep -F'
ac_cv_path_GREP=/usr/bin/grep
ac_cv_path_SED=/usr/bin/sed
ac_cv_path_ac_pt_PKG_CONFIG=/usr/bin/pkg-config
ac_cv_path_install='/usr/bin/install -c'
ac_cv_path_lt_DD=/usr/bin/dd
ac_cv_path_mkdir=/usr/bin/mkdir
ac_cv_prog_AWK=gawk
ac_cv_prog_CPP='/workspaces/wasm-codespace/emsdk/upstream/emscripten/emcc -E'
ac_cv_prog_CXXCPP='/workspaces/wasm-codespace/emsdk/upstream/emscripten/em++ -E'
ac_cv_prog_ac_ct_CC=/workspaces/wasm-codespace/emsdk/upstream/emscripten/emcc
ac_cv_prog_ac_ct_OBJDUMP=objdump
ac_cv_prog_ac_ct_RANLIB=/workspaces/wasm-codespace/emsdk/upstream/emscripten/emranlib
ac_cv_prog_ac_ct_STRIP=strip
ac_cv_prog_cc_c89=
ac_cv_prog_cc_g=yes
ac_cv_prog_cxx_g=yes
ac_cv_prog_make_make_set=yes
am_cv_CC_dependencies_compiler_type=gcc3
am_cv_CXX_dependencies_compiler_type=gcc3
am_cv_make_support_nested_variables=yes
am_cv_prog_cc_c_o=yes
lt_cv_ar_at_file=@
lt_cv_archive_cmds_need_lc=yes
lt_cv_deplibs_check_method=pass_all
lt_cv_file_magic_cmd='$MAGIC_CMD'
lt_cv_file_magic_test_file=
lt_cv_ld_reload_flag=-r
lt_cv_nm_interface='BSD nm'
lt_cv_objdir=.libs
lt_cv_path_LD=/workspaces/wasm-codespace/emsdk/upstream/emscripten/emcc
lt_cv_path_LDCXX=/workspaces/wasm-codespace/emsdk/upstream/emscripten/emcc
lt_cv_path_NM=/workspaces/wasm-codespace/emsdk/upstream/bin/llvm-nm
lt_cv_path_mainfest_tool=no
lt_cv_prog_compiler_c_o=yes
lt_cv_prog_compiler_c_o_CXX=yes
lt_cv_prog_compiler_pic='-fPIC -DPIC'
lt_cv_prog_compiler_pic_CXX='-fPIC -DPIC'
lt_cv_prog_compiler_pic_works=yes
lt_cv_prog_compiler_pic_works_CXX=yes
lt_cv_prog_compiler_rtti_exceptions=yes
lt_cv_prog_compiler_static_works=yes
lt_cv_prog_compiler_static_works_CXX=yes
lt_cv_prog_gnu_ld=yes
lt_cv_prog_gnu_ldcxx=yes
lt_cv_sharedlib_from_linklib_cmd='printf %s\n'
lt_cv_shlibpath_overrides_runpath=no
lt_cv_sys_global_symbol_pipe='sed -n -e '\''s/^.*[	 ]\([ABCDGIRSTW][ABCDGIRSTW]*\)[	 ][	 ]*\([_A-Za-z][_A-Za-z0-9]*\)$/\1 \2 \2/p'\'' | sed '\''/ __gnu_lto/d'\'''
lt_cv_sys_global_symbol_to_c_name_address='sed -n -e '\''s/^: \(.*\) .*$/  {"\1", (void *) 0},/p'\'' -e '\''s/^[ABCDGIRSTW][ABCDGIRSTW]* .* \(.*\)$/  {"\1", (void *) \&\1},/p'\'''
lt_cv_sys_global_symbol_to_c_name_address_lib_prefix='sed -n -e '\''s/^: \(.*\) .*$/  {"\1", (void *) 0},/p'\'' -e '\''s/^[ABCDGIRSTW][ABCDGIRSTW]* .* \(lib.*\)$/  {"\1", (void *) \&\1},/p'\'' -e '\''s/^[ABCDGIRSTW][ABCDGIRSTW]* .* \(.*\)$/  {"lib\1", (void *) \&\1},/p'\'''
lt_cv_sys_global_symbol_to_cdecl='sed -n -e '\''s/^T .* \(.*\)$/extern int \1();/p'\'' -e '\''s/^[ABCDGIRSTW][ABCDGIRSTW]* .* \(.*\)$/extern char \1;/p'\'''
lt_cv_sys_global_symbol_to_import=
lt_cv_sys_max_cmd_len=1572864
lt_cv_to_host_file_cmd=func_convert_file_noop
lt_cv_to_tool_file_cmd=func_convert_file_noop
lt_cv_truncate_bin='/usr/bin/dd bs=4096 count=1'

## ----------------- ##
## Output variables. ##
## ----------------- ##

ACLOCAL='${SHELL} /workspaces/wasm-codespace/cpp/libraries/libraw/LibRaw-0.21.1/missing aclocal-1.16'
AMDEPBACKSLASH='\'
AMDEP_FALSE='#'
AMDEP_TRUE=''
AMTAR='$${TAR-tar}'
AM_BACKSLASH='\'
AM_DEFAULT_V='$(AM_DEFAULT_VERBOSITY)'
AM_DEFAULT_VERBOSITY='1'
AM_V='$(V)'
AR='/workspaces/wasm-codespace/emsdk/upstream/emscripten/emar'
AS='as'
AUTOCONF='${SHELL} /workspaces/wasm-codespace/cpp/libraries/libraw/LibRaw-0.21.1/missing autoconf'
AUTOHEADER='${SHELL} /workspaces/wasm-codespace/cpp/libraries/libraw/LibRaw-0.21.1/missing autoheader'
AUTOMAKE='${SHELL} /workspaces/wasm-codespace/cpp/libraries/libraw/LibRaw-0.21.1/missing automake-1.16'
AWK='gawk'
CC='/workspaces/wasm-codespace/emsdk/upstream/emscripten/emcc'
CCDEPMODE='depmode=gcc3'
CFLAGS='-g -O2'
CPP='/workspaces/wasm-codespace/emsdk/upstream/emscripten/emcc -E'
CPPFLAGS=''
CXX='/workspaces/wasm-codespace/emsdk/upstream/emscripten/em++'
CXXCPP='/workspaces/wasm-codespace/emsdk/upstream/emscripten/em++ -E'
CXXDEPMODE='depmode=gcc3'
CXXFLAGS='-g -O2'
CYGPATH_W='echo'
DEFS='-DPACKAGE_NAME=\"LibRaw\" -DPACKAGE_TARNAME=\"libraw\" -DPACKAGE_VERSION=\"0.21.1\" -DPACKAGE_STRING=\"LibRaw\ 0.21.1\" -DPACKAGE_BUGREPORT=\"info@libraw.org\" -DPACKAGE_URL=\"http://www.libraw.org\" -DSTDC_HEADERS=1 -DHAVE_SYS_TYPES_H=1 -DHAVE_SYS_STAT_H=1 -DHAVE_STDLIB_H=1 -DHAVE_STRING_H=1 -DHAVE_MEMORY_H=1 -DHAVE_STRINGS_H=1 -DHAVE_INTTYPES_H=1 -DHAVE_STDINT_H=1 -DHAVE_UNISTD_H=1 -DHAVE_DLFCN_H=1 -DLT_OBJDIR=\".libs/\"'
DEPDIR='.deps'
DLLTOOL='false'
DSYMUTIL=''
DUMPBIN=''
ECHO_C=''
ECHO_N='-n'
ECHO_T=''
EGREP='/usr/bin/grep -E'
EXAMPLES_FALSE=''
EXAMPLES_TRUE='#'
EXEEXT=''
FGREP='/usr/bin/grep -F'
GREP='/usr/bin/grep'
INSTALL_DATA='${INSTALL} -m 644'
INSTALL_PROGRAM='${INSTALL}'
INSTALL_SCRIPT='${INSTALL}'
INSTALL_STRIP_PROGRAM='$(install_sh) -c -s'
LCMS2_CFLAGS=''
LCMS2_LIBS=''
LCMS_CFLAGS=''
LCMS_LIBS=''
LD='/workspaces/wasm-codespace/emsdk/upstream/emscripten/emcc'
LDFLAGS=''
LIBOBJS=''
LIBRAW_RELEASE_VERSION='0.21.1'
LIBRAW_SHLIB_VERSION='23:0:0'
LIBS=' -lm'
LIBTOOL='$(SHELL) $(top_builddir)/libtool'
LIBTOOL_DEPS='./ltmain.sh'
LIPO=''
LN_S='ln -s'
LTLIBOBJS=''
LT_SYS_LIBRARY_PATH=''
MAKEINFO='${SHELL} /workspaces/wasm-codespace/cpp/libraries/libraw/LibRaw-0.21.1/missing makeinfo'
MANIFEST_TOOL=':'
MKDIR_P='/usr/bin/mkdir -p'
NM='/workspaces/wasm-codespace/emsdk/upstream/bin/llvm-nm'
NMEDIT=''
OBJDUMP='objdump'
OBJEXT='o'
OTOOL64=''
OTOOL=''
PACKAGE='libraw'
PACKAGE_BUGREPORT='info@libraw.org'
PACKAGE_LIBS_PRIVATE=''
PACKAGE_NAME='LibRaw'
PACKAGE_REQUIRES=''
PACKAGE_STRING='LibRaw 0.21.1'
PACKAGE_TARNAME='libraw'
PACKAGE_URL='http://www.libraw.org'
PACKAGE_VERSION='0.21.1'
PATH_SEPARATOR=':'
PC_OPENMP=''
PKG_CONFIG='/usr/bin/pkg-config'
PKG_CONFIG_LIBDIR='/workspaces/wasm-codespace/emsdk/upstream/emscripten/cache/sysroot/local/lib/pkgconfig:/workspaces/wasm-codespace/emsdk/upstream/emscripten/cache/sysroot/lib/pkgconfig'
PKG_CONFIG_PATH=''
RANLIB='/workspaces/wasm-codespace/emsdk/upstream/emscripten/emranlib'
SED='/usr/bin/sed'
SET_MAKE=''
SHELL='/bin/bash'
STRIP='strip'
VERSION='0.21.1'
ZLIB_CFLAGS=''
ZLIB_LIBS=''
ac_ct_AR=''
ac_ct_CC='/workspaces/wasm-codespace/emsdk/upstream/emscripten/emcc'
ac_ct_CXX=''
ac_ct_DUMPBIN=''
am__EXEEXT_FALSE=''
am__EXEEXT_TRUE='#'
am__fastdepCC_FALSE='#'
am__fastdepCC_TRUE=''
am__fastdepCXX_FALSE='#'
am__fastdepCXX_TRUE=''
am__include='include'
am__isrc=''
am__leading_dot='.'
am__nodep='_no'
am__quote=''
am__tar='$${TAR-tar} chof - "$$tardir"'
am__untar='$${TAR-tar} xf -'
bindir='${exec_prefix}/bin'
build='x86_64-pc-linux-gnu'
build_alias=''
build_cpu='x86_64'
build_os='linux-gnu'
build_vendor='pc'
datadir='${datarootdir}'
datarootdir='${prefix}/share'
docdir='${datarootdir}/doc/${PACKAGE_TARNAME}'
dvidir='${docdir}'
exec_prefix='${prefix}'
host='x86_64-pc-linux-gnu'
host_alias=''
host_cpu='x86_64'
host_os='linux-gnu'
host_vendor='pc'
htmldir='${docdir}'
includedir='${prefix}/include'
infodir='${datarootdir}/info'
install_sh='${SHELL} /workspaces/wasm-codespace/cpp/libraries/libraw/LibRaw-0.21.1/install-sh'
libdir='${exec_prefix}/lib'
libexecdir='${exec_prefix}/libexec'
localedir='${datarootdir}/locale'
localstatedir='${prefix}/var'
mandir='${datarootdir}/man'
mkdir_p='$(MKDIR_P)'
oldincludedir='/usr/include'
pdfdir='${docdir}'
prefix='/usr/local'
program_transform_name='s,x,x,'
psdir='${docdir}'
runstatedir='${localstatedir}/run'
sbindir='${exec_prefix}/sbin'
sharedstatedir='${prefix}/com'
sysconfdir='${prefix}/etc'
target_alias=''

## ----------- ##
## confdefs.h. ##
## ----------- ##

/* confdefs.h */
#define PACKAGE_NAME "LibRaw"
#define PACKAGE_TARNAME "libraw"
#define PACKAGE_VERSION "0.21.1"
#define PACKAGE_STRING "LibRaw 0.21.1"
#define PACKAGE_BUGREPORT "info@libraw.org"
#define PACKAGE_URL "http://www.libraw.org"
#define STDC_HEADERS 1
#define HAVE_SYS_TYPES_H 1
#define HAVE_SYS_STAT_H 1
#define HAVE_STDLIB_H 1
#define HAVE_STRING_H 1
#define HAVE_MEMORY_H 1
#define HAVE_STRINGS_H 1
#define HAVE_INTTYPES_H 1
#define HAVE_STDINT_H 1
#define HAVE_UNISTD_H 1
#define HAVE_DLFCN_H 1
#define LT_OBJDIR ".libs/"

configure: exit 0
